<?xml version="1.0" encoding="UTF-8"?>
<!-- Generated by org.testng.reporters.JUnitReportReporter -->
<testsuite hostname="LAPTOP-4S7TU50V" failures="0" tests="1" name="testng_extent_report.ExamplReport" time="0.008" errors="0" timestamp="2023-03-16T19:07:29 EDT" skipped="0">
  <testcase classname="testng_extent_report.ExamplReport" name="testA" time="0.008"/>
  <system-out/>
</testsuite> <!-- testng_extent_report.ExamplReport -->
