<?xml version="1.0" encoding="UTF-8"?>
<!-- Generated by org.testng.reporters.JUnitReportReporter -->
<testsuite hostname="LAPTOP-4S7TU50V" failures="0" tests="3" name="testng_parallel_execution.Test1" time="0.008" errors="0" timestamp="2023-03-16T17:16:14 EDT" skipped="0">
  <testcase classname="testng_parallel_execution.Test1" name="methodC" time="0.001"/>
  <system-out/>
  <testcase classname="testng_parallel_execution.Test1" name="methodB" time="0.001"/>
  <system-out/>
  <testcase classname="testng_parallel_execution.Test1" name="methodA" time="0.006"/>
  <system-out/>
</testsuite> <!-- testng_parallel_execution.Test1 -->
