<?xml version="1.0" encoding="UTF-8"?>
<!-- Generated by org.testng.reporters.JUnitReportReporter -->
<testsuite hostname="LAPTOP-4S7TU50V" failures="0" tests="1" name="intro.AgeTest" time="0.001" errors="0" timestamp="2023-03-07T16:25:54 EST" skipped="0">
  <testcase classname="intro.AgeTest" name="testIsYounger" time="0.001"/>
  <system-out/>
</testsuite> <!-- intro.AgeTest -->
