<?xml version="1.0" encoding="UTF-8"?>
<!-- Generated by org.testng.reporters.JUnitReportReporter -->
<testsuite hostname="LAPTOP-4S7TU50V" failures="0" tests="4" name="testng_parallel_execution.Test3" time="0.004" errors="0" timestamp="2023-03-16T17:16:14 EDT" skipped="0">
  <testcase classname="testng_parallel_execution.Test3" name="methodG" time="0.001"/>
  <system-out/>
  <testcase classname="testng_parallel_execution.Test3" name="methodH" time="0.001"/>
  <system-out/>
  <testcase classname="testng_parallel_execution.Test3" name="methodJ" time="0.001"/>
  <system-out/>
  <testcase classname="testng_parallel_execution.Test3" name="methodI" time="0.001"/>
  <system-out/>
</testsuite> <!-- testng_parallel_execution.Test3 -->
