<?xml version="1.0" encoding="UTF-8"?>
<!-- Generated by org.testng.reporters.JUnitReportReporter -->
<testsuite hostname="LAPTOP-4S7TU50V" failures="0" tests="1" name="driver_test.DriverTest" time="1.580" errors="0" timestamp="2023-03-15T12:52:58 EDT" skipped="0">
  <testcase classname="driver_test.DriverTest" name="testDriver" time="1.580"/>
  <system-out/>
</testsuite> <!-- driver_test.DriverTest -->
