<?xml version="1.0" encoding="UTF-8"?>
<!-- Generated by org.testng.reporters.JUnitReportReporter -->
<testsuite hostname="LAPTOP-4S7TU50V" failures="0" tests="2" name="annotations.BeforeSuiteAfterSuiteDemo" time="0.005" errors="0" timestamp="2023-03-10T14:14:23 EST" skipped="0">
  <testcase classname="annotations.BeforeSuiteAfterSuiteDemo" name="testA" time="0.004"/>
  <system-out/>
  <testcase classname="annotations.BeforeSuiteAfterSuiteDemo" name="testB" time="0.001"/>
  <system-out/>
</testsuite> <!-- annotations.BeforeSuiteAfterSuiteDemo -->
