<?xml version="1.0" encoding="UTF-8"?>
<!-- Generated by org.testng.reporters.JUnitReportReporter -->
<testsuite hostname="LAPTOP-4S7TU50V" failures="0" tests="1" name="annotations.DemoTest2" time="0.000" errors="0" timestamp="2023-03-10T15:38:18 EST" skipped="0">
  <testcase classname="annotations.DemoTest2" name="testC" time="0.000"/>
  <system-out/>
</testsuite> <!-- annotations.DemoTest2 -->
