<?xml version="1.0" encoding="UTF-8"?>
<!-- Generated by org.testng.reporters.JUnitReportReporter -->
<testsuite hostname="LAPTOP-4S7TU50V" failures="0" tests="2" name="annotations.DemoTest3" time="0.003" errors="0" timestamp="2023-03-10T15:38:18 EST" skipped="0">
  <testcase classname="annotations.DemoTest3" name="testE" time="0.002"/>
  <system-out/>
  <testcase classname="annotations.DemoTest3" name="testD" time="0.001"/>
  <system-out/>
</testsuite> <!-- annotations.DemoTest3 -->
