<?xml version="1.0" encoding="UTF-8"?>
<!-- Generated by org.testng.reporters.JUnitReportReporter -->
<testsuite hostname="LAPTOP-4S7TU50V" failures="0" tests="1" name="testng_assertion.SoftAssertionTest" time="4.273" errors="0" timestamp="2023-03-13T13:40:17 EDT" skipped="0">
  <testcase classname="testng_assertion.SoftAssertionTest" name="orangeHRMLogin" time="4.273"/>
  <system-out/>
</testsuite> <!-- testng_assertion.SoftAssertionTest -->
