<?xml version="1.0" encoding="UTF-8"?>
<!-- Generated by org.testng.reporters.JUnitReportReporter -->
<testsuite hostname="LAPTOP-4S7TU50V" failures="0" tests="2" name="tests.LoginTest" time="7.389" errors="0" timestamp="2023-03-15T15:56:33 EDT" skipped="0">
  <testcase classname="tests.LoginTest" name="testLoginWithInvalidCredentials" time="3.387"/>
  <system-out/>
  <testcase classname="tests.LoginTest" name="testLoginWithValidCredentials" time="4.002"/>
  <system-out/>
</testsuite> <!-- tests.LoginTest -->
