<?xml version="1.0" encoding="UTF-8"?>
<!-- Generated by org.testng.reporters.JUnitReportReporter -->
<testsuite hostname="LAPTOP-4S7TU50V" failures="0" tests="1" name="configuration_properties_demo.ConfPropertiesDemo" time="3.680" errors="0" timestamp="2023-03-14T17:38:57 EDT" skipped="0">
  <testcase classname="configuration_properties_demo.ConfPropertiesDemo" name="loginToOrangeHRM" time="3.680"/>
  <system-out/>
</testsuite> <!-- configuration_properties_demo.ConfPropertiesDemo -->
