<?xml version="1.0" encoding="UTF-8"?>
<!-- Generated by org.testng.reporters.JUnitReportReporter -->
<testsuite hostname="LAPTOP-4S7TU50V" failures="0" tests="2" name="annotations.DemoTest1" time="0.008" errors="0" timestamp="2023-03-10T15:38:18 EST" skipped="0">
  <testcase classname="annotations.DemoTest1" name="testB" time="0.001"/>
  <system-out/>
  <testcase classname="annotations.DemoTest1" name="testA" time="0.007"/>
  <system-out/>
</testsuite> <!-- annotations.DemoTest1 -->
