<?xml version="1.0" encoding="UTF-8"?>
<!-- Generated by org.testng.reporters.JUnitReportReporter -->
<testsuite hostname="LAPTOP-4S7TU50V" failures="0" tests="3" name="intro.CalcTest" time="0.006" errors="0" timestamp="2023-03-11T14:01:16 EST" skipped="0">
  <testcase classname="intro.CalcTest" name="addNumbersTest" time="0.005"/>
  <system-out/>
  <testcase classname="intro.CalcTest" name="addNumbersTest" time="0.000"/>
  <system-out/>
  <testcase classname="intro.CalcTest" name="addNumbersTest" time="0.001"/>
  <system-out/>
</testsuite> <!-- intro.CalcTest -->
