<?xml version="1.0" encoding="UTF-8"?>
<!-- Generated by org.testng.reporters.JUnitReportReporter -->
<testsuite hostname="LAPTOP-4S7TU50V" failures="0" tests="2" name="oranghrm_tests.LoginTest" time="8.419" errors="0" timestamp="2023-03-17T17:52:27 EDT" skipped="0">
  <testcase classname="oranghrm_tests.LoginTest" name="testLoginWithInvalidCredentials" time="4.414"/>
  <system-out/>
  <testcase classname="oranghrm_tests.LoginTest" name="testLoginWithValidCredentials" time="4.005"/>
  <system-out/>
</testsuite> <!-- oranghrm_tests.LoginTest -->
