<?xml version="1.0" encoding="UTF-8"?>
<!-- Generated by org.testng.reporters.JUnitReportReporter -->
<testsuite hostname="LAPTOP-4S7TU50V" failures="0" tests="3" name="testng_parallel_execution.Test2" time="0.007" errors="0" timestamp="2023-03-16T17:16:14 EDT" skipped="0">
  <testcase classname="testng_parallel_execution.Test2" name="methodE" time="0.001"/>
  <system-out/>
  <testcase classname="testng_parallel_execution.Test2" name="methodF" time="0.000"/>
  <system-out/>
  <testcase classname="testng_parallel_execution.Test2" name="methodD" time="0.006"/>
  <system-out/>
</testsuite> <!-- testng_parallel_execution.Test2 -->
